2018-03-02 10:56:22 Notice: Notice (8): Undefined index: preference in [/var/www/html/5star/src/Controller/UsersController.php, line 1247]
Request URL: /5star/users/editprofile
Referer URL: http://localhost/5star/users/editprofile
Trace:
Cake\Error\BaseErrorHandler::handleError() - CORE/src/Error/BaseErrorHandler.php, line 146
App\Controller\UsersController::editprofile() - APP/Controller/UsersController.php, line 1247
Cake\Controller\Controller::invokeAction() - CORE/src/Controller/Controller.php, line 435
Cake\Http\ActionDispatcher::_invoke() - CORE/src/Http/ActionDispatcher.php, line 122
Cake\Http\ActionDispatcher::dispatch() - CORE/src/Http/ActionDispatcher.php, line 96
Cake\Routing\Dispatcher::dispatch() - CORE/src/Routing/Dispatcher.php, line 60
[main] - ROOT/webroot/index.php, line 36



2018-03-02 10:56:22 Notice: Notice (8): Undefined index: interest in [/var/www/html/5star/src/Controller/UsersController.php, line 1248]
Request URL: /5star/users/editprofile
Referer URL: http://localhost/5star/users/editprofile
Trace:
Cake\Error\BaseErrorHandler::handleError() - CORE/src/Error/BaseErrorHandler.php, line 146
App\Controller\UsersController::editprofile() - APP/Controller/UsersController.php, line 1248
Cake\Controller\Controller::invokeAction() - CORE/src/Controller/Controller.php, line 435
Cake\Http\ActionDispatcher::_invoke() - CORE/src/Http/ActionDispatcher.php, line 122
Cake\Http\ActionDispatcher::dispatch() - CORE/src/Http/ActionDispatcher.php, line 96
Cake\Routing\Dispatcher::dispatch() - CORE/src/Routing/Dispatcher.php, line 60
[main] - ROOT/webroot/index.php, line 36



