2018-03-02 11:10:16 Warning: DebugKit not enabled. You need to either install pdo_sqlite, or define the "debug_kit" connection name.
2018-03-02 11:10:16 Warning: DebugKit not enabled. You need to either install pdo_sqlite, or define the "debug_kit" connection name.
2018-03-02 11:10:18 Warning: DebugKit not enabled. You need to either install pdo_sqlite, or define the "debug_kit" connection name.
2018-03-02 11:10:21 Warning: DebugKit not enabled. You need to either install pdo_sqlite, or define the "debug_kit" connection name.
2018-03-02 11:14:24 Warning: DebugKit not enabled. You need to either install pdo_sqlite, or define the "debug_kit" connection name.
2018-03-02 11:14:58 Warning: DebugKit not enabled. You need to either install pdo_sqlite, or define the "debug_kit" connection name.
2018-03-02 11:15:01 Warning: DebugKit not enabled. You need to either install pdo_sqlite, or define the "debug_kit" connection name.
2018-03-02 11:15:01 Warning: DebugKit not enabled. You need to either install pdo_sqlite, or define the "debug_kit" connection name.
2018-03-02 11:15:03 Warning: DebugKit not enabled. You need to either install pdo_sqlite, or define the "debug_kit" connection name.
2018-03-02 11:15:04 Warning: DebugKit not enabled. You need to either install pdo_sqlite, or define the "debug_kit" connection name.
2018-03-02 11:15:05 Warning: DebugKit not enabled. You need to either install pdo_sqlite, or define the "debug_kit" connection name.
2018-03-02 11:15:06 Warning: DebugKit not enabled. You need to either install pdo_sqlite, or define the "debug_kit" connection name.
2018-03-02 11:15:06 Warning: DebugKit not enabled. You need to either install pdo_sqlite, or define the "debug_kit" connection name.
2018-03-02 11:15:13 Warning: DebugKit not enabled. You need to either install pdo_sqlite, or define the "debug_kit" connection name.
2018-03-02 11:15:14 Warning: DebugKit not enabled. You need to either install pdo_sqlite, or define the "debug_kit" connection name.
2018-03-02 11:16:58 Warning: DebugKit not enabled. You need to either install pdo_sqlite, or define the "debug_kit" connection name.
2018-03-02 11:17:41 Warning: DebugKit not enabled. You need to either install pdo_sqlite, or define the "debug_kit" connection name.
2018-03-02 11:17:41 Warning: DebugKit not enabled. You need to either install pdo_sqlite, or define the "debug_kit" connection name.
2018-03-02 11:17:56 Warning: DebugKit not enabled. You need to either install pdo_sqlite, or define the "debug_kit" connection name.
2018-03-02 11:18:00 Warning: DebugKit not enabled. You need to either install pdo_sqlite, or define the "debug_kit" connection name.
2018-03-02 11:18:01 Warning: DebugKit not enabled. You need to either install pdo_sqlite, or define the "debug_kit" connection name.
2018-03-02 11:18:03 Warning: DebugKit not enabled. You need to either install pdo_sqlite, or define the "debug_kit" connection name.
2018-03-02 11:18:03 Warning: DebugKit not enabled. You need to either install pdo_sqlite, or define the "debug_kit" connection name.
2018-03-02 11:18:13 Warning: DebugKit not enabled. You need to either install pdo_sqlite, or define the "debug_kit" connection name.
2018-03-02 11:18:18 Warning: DebugKit not enabled. You need to either install pdo_sqlite, or define the "debug_kit" connection name.
2018-03-02 11:18:18 Warning: DebugKit not enabled. You need to either install pdo_sqlite, or define the "debug_kit" connection name.
2018-03-02 11:18:45 Warning: DebugKit not enabled. You need to either install pdo_sqlite, or define the "debug_kit" connection name.
2018-03-02 11:18:48 Warning: DebugKit not enabled. You need to either install pdo_sqlite, or define the "debug_kit" connection name.
2018-03-02 11:18:48 Warning: DebugKit not enabled. You need to either install pdo_sqlite, or define the "debug_kit" connection name.
2018-03-02 11:18:58 Warning: DebugKit not enabled. You need to either install pdo_sqlite, or define the "debug_kit" connection name.
2018-03-02 11:19:18 Warning: DebugKit not enabled. You need to either install pdo_sqlite, or define the "debug_kit" connection name.
2018-03-02 11:19:20 Warning: DebugKit not enabled. You need to either install pdo_sqlite, or define the "debug_kit" connection name.
2018-03-02 11:19:20 Warning: DebugKit not enabled. You need to either install pdo_sqlite, or define the "debug_kit" connection name.
2018-03-02 11:19:25 Warning: DebugKit not enabled. You need to either install pdo_sqlite, or define the "debug_kit" connection name.
2018-03-02 11:19:35 Warning: DebugKit not enabled. You need to either install pdo_sqlite, or define the "debug_kit" connection name.
2018-03-02 11:19:35 Warning: DebugKit not enabled. You need to either install pdo_sqlite, or define the "debug_kit" connection name.
2018-03-02 11:21:06 Warning: DebugKit not enabled. You need to either install pdo_sqlite, or define the "debug_kit" connection name.
2018-03-02 11:21:06 Warning: DebugKit not enabled. You need to either install pdo_sqlite, or define the "debug_kit" connection name.
2018-03-02 11:21:09 Warning: DebugKit not enabled. You need to either install pdo_sqlite, or define the "debug_kit" connection name.
2018-03-02 11:21:16 Warning: DebugKit not enabled. You need to either install pdo_sqlite, or define the "debug_kit" connection name.
2018-03-02 11:23:01 Warning: DebugKit not enabled. You need to either install pdo_sqlite, or define the "debug_kit" connection name.
2018-03-02 11:23:01 Error: [PDOException] SQLSTATE[HY000]: General error: 1364 Field 'city_name' doesn't have a default value
Request URL: /5star/services/addservice
Referer URL: http://localhost/5star/services/addservice
Stack Trace:
#0 /var/www/html/5star/vendor/cakephp/cakephp/src/Database/Statement/MysqlStatement.php(36): PDOStatement->execute(NULL)
#1 /var/www/html/5star/vendor/cakephp/cakephp/src/Database/Connection.php(276): Cake\Database\Statement\MysqlStatement->execute()
#2 /var/www/html/5star/vendor/cakephp/cakephp/src/Database/Query.php(189): Cake\Database\Connection->run(Object(Cake\ORM\Query))
#3 /var/www/html/5star/vendor/cakephp/cakephp/src/ORM/Table.php(1670): Cake\Database\Query->execute()
#4 /var/www/html/5star/vendor/cakephp/cakephp/src/ORM/Table.php(1564): Cake\ORM\Table->_insert(Object(Cake\ORM\Entity), Array)
#5 /var/www/html/5star/vendor/cakephp/cakephp/src/ORM/Table.php(1492): Cake\ORM\Table->_processSave(Object(Cake\ORM\Entity), Object(ArrayObject))
#6 /var/www/html/5star/vendor/cakephp/cakephp/src/Database/Connection.php(570): Cake\ORM\Table->Cake\ORM\{closure}(Object(Cake\Database\Connection))
#7 /var/www/html/5star/vendor/cakephp/cakephp/src/ORM/Table.php(1493): Cake\Database\Connection->transactional(Object(Closure))
#8 /var/www/html/5star/src/Controller/ServicesController.php(77): Cake\ORM\Table->save(Object(Cake\ORM\Entity))
#9 [internal function]: App\Controller\ServicesController->addservice()
#10 /var/www/html/5star/vendor/cakephp/cakephp/src/Controller/Controller.php(435): call_user_func_array(Array, Array)
#11 /var/www/html/5star/vendor/cakephp/cakephp/src/Http/ActionDispatcher.php(122): Cake\Controller\Controller->invokeAction()
#12 /var/www/html/5star/vendor/cakephp/cakephp/src/Http/ActionDispatcher.php(96): Cake\Http\ActionDispatcher->_invoke(Object(App\Controller\ServicesController))
#13 /var/www/html/5star/vendor/cakephp/cakephp/src/Routing/Dispatcher.php(60): Cake\Http\ActionDispatcher->dispatch(Object(Cake\Network\Request), Object(Cake\Network\Response))
#14 /var/www/html/5star/webroot/index.php(36): Cake\Routing\Dispatcher->dispatch(Object(Cake\Network\Request), Object(Cake\Network\Response))
#15 {main}


2018-03-02 11:32:18 Warning: DebugKit not enabled. You need to either install pdo_sqlite, or define the "debug_kit" connection name.
2018-03-02 11:32:19 Warning: DebugKit not enabled. You need to either install pdo_sqlite, or define the "debug_kit" connection name.
2018-03-02 11:34:16 Warning: DebugKit not enabled. You need to either install pdo_sqlite, or define the "debug_kit" connection name.
2018-03-02 11:34:16 Warning: DebugKit not enabled. You need to either install pdo_sqlite, or define the "debug_kit" connection name.
2018-03-02 11:34:52 Warning: DebugKit not enabled. You need to either install pdo_sqlite, or define the "debug_kit" connection name.
2018-03-02 11:34:52 Warning: DebugKit not enabled. You need to either install pdo_sqlite, or define the "debug_kit" connection name.
2018-03-02 11:34:59 Warning: DebugKit not enabled. You need to either install pdo_sqlite, or define the "debug_kit" connection name.
2018-03-02 11:34:59 Warning: DebugKit not enabled. You need to either install pdo_sqlite, or define the "debug_kit" connection name.
2018-03-02 11:34:59 Error: [Cake\Routing\Exception\MissingControllerException] Controller class Jimja could not be found.
Exception Attributes: array (
  'class' => 'Jimja',
  'plugin' => false,
  'prefix' => false,
  '_ext' => false,
)
Request URL: /5star/jimja/image/stars.png
Referer URL: http://localhost/5star/services/editservice/19
Stack Trace:
#0 /var/www/html/5star/vendor/cakephp/cakephp/src/Http/ControllerFactory.php(72): Cake\Http\ControllerFactory->missingController(Object(Cake\Network\Request))
#1 /var/www/html/5star/vendor/cakephp/cakephp/src/Routing/Filter/ControllerFactoryFilter.php(63): Cake\Http\ControllerFactory->create(Object(Cake\Network\Request), Object(Cake\Network\Response))
#2 /var/www/html/5star/vendor/cakephp/cakephp/src/Routing/Filter/ControllerFactoryFilter.php(49): Cake\Routing\Filter\ControllerFactoryFilter->_getController(Object(Cake\Network\Request), Object(Cake\Network\Response))
#3 /var/www/html/5star/vendor/cakephp/cakephp/src/Routing/DispatcherFilter.php(144): Cake\Routing\Filter\ControllerFactoryFilter->beforeDispatch(Object(Cake\Event\Event))
#4 /var/www/html/5star/vendor/cakephp/cakephp/src/Event/EventManager.php(426): Cake\Routing\DispatcherFilter->handle(Object(Cake\Event\Event), Object(Cake\Network\Request), Object(Cake\Network\Response))
#5 /var/www/html/5star/vendor/cakephp/cakephp/src/Event/EventManager.php(391): Cake\Event\EventManager->_callListener(Array, Object(Cake\Event\Event))
#6 /var/www/html/5star/vendor/cakephp/cakephp/src/Event/EventDispatcherTrait.php(78): Cake\Event\EventManager->dispatch(Object(Cake\Event\Event))
#7 /var/www/html/5star/vendor/cakephp/cakephp/src/Http/ActionDispatcher.php(81): Cake\Http\ActionDispatcher->dispatchEvent('Dispatcher.befo...', Array)
#8 /var/www/html/5star/vendor/cakephp/cakephp/src/Routing/Dispatcher.php(60): Cake\Http\ActionDispatcher->dispatch(Object(Cake\Network\Request), Object(Cake\Network\Response))
#9 /var/www/html/5star/webroot/index.php(36): Cake\Routing\Dispatcher->dispatch(Object(Cake\Network\Request), Object(Cake\Network\Response))
#10 {main}


2018-03-02 11:35:04 Warning: DebugKit not enabled. You need to either install pdo_sqlite, or define the "debug_kit" connection name.
2018-03-02 11:59:45 Warning: DebugKit not enabled. You need to either install pdo_sqlite, or define the "debug_kit" connection name.
2018-03-02 12:14:05 Warning: DebugKit not enabled. You need to either install pdo_sqlite, or define the "debug_kit" connection name.
2018-03-02 12:14:07 Warning: DebugKit not enabled. You need to either install pdo_sqlite, or define the "debug_kit" connection name.
2018-03-02 12:14:07 Error: [Cake\Routing\Exception\MissingControllerException] Controller class Service could not be found.
Exception Attributes: array (
  'class' => 'Service',
  'plugin' => false,
  'prefix' => false,
  '_ext' => false,
)
Request URL: /5star/service/result
Referer URL: http://localhost/5star/
Stack Trace:
#0 /var/www/html/5star/vendor/cakephp/cakephp/src/Http/ControllerFactory.php(72): Cake\Http\ControllerFactory->missingController(Object(Cake\Network\Request))
#1 /var/www/html/5star/vendor/cakephp/cakephp/src/Routing/Filter/ControllerFactoryFilter.php(63): Cake\Http\ControllerFactory->create(Object(Cake\Network\Request), Object(Cake\Network\Response))
#2 /var/www/html/5star/vendor/cakephp/cakephp/src/Routing/Filter/ControllerFactoryFilter.php(49): Cake\Routing\Filter\ControllerFactoryFilter->_getController(Object(Cake\Network\Request), Object(Cake\Network\Response))
#3 /var/www/html/5star/vendor/cakephp/cakephp/src/Routing/DispatcherFilter.php(144): Cake\Routing\Filter\ControllerFactoryFilter->beforeDispatch(Object(Cake\Event\Event))
#4 /var/www/html/5star/vendor/cakephp/cakephp/src/Event/EventManager.php(426): Cake\Routing\DispatcherFilter->handle(Object(Cake\Event\Event), Object(Cake\Network\Request), Object(Cake\Network\Response))
#5 /var/www/html/5star/vendor/cakephp/cakephp/src/Event/EventManager.php(391): Cake\Event\EventManager->_callListener(Array, Object(Cake\Event\Event))
#6 /var/www/html/5star/vendor/cakephp/cakephp/src/Event/EventDispatcherTrait.php(78): Cake\Event\EventManager->dispatch(Object(Cake\Event\Event))
#7 /var/www/html/5star/vendor/cakephp/cakephp/src/Http/ActionDispatcher.php(81): Cake\Http\ActionDispatcher->dispatchEvent('Dispatcher.befo...', Array)
#8 /var/www/html/5star/vendor/cakephp/cakephp/src/Routing/Dispatcher.php(60): Cake\Http\ActionDispatcher->dispatch(Object(Cake\Network\Request), Object(Cake\Network\Response))
#9 /var/www/html/5star/webroot/index.php(36): Cake\Routing\Dispatcher->dispatch(Object(Cake\Network\Request), Object(Cake\Network\Response))
#10 {main}


2018-03-02 12:15:36 Warning: DebugKit not enabled. You need to either install pdo_sqlite, or define the "debug_kit" connection name.
2018-03-02 12:19:52 Warning: DebugKit not enabled. You need to either install pdo_sqlite, or define the "debug_kit" connection name.
2018-03-02 12:19:52 Error: [Cake\Routing\Exception\MissingControllerException] Controller class Service could not be found.
Exception Attributes: array (
  'class' => 'Service',
  'plugin' => false,
  'prefix' => false,
  '_ext' => false,
)
Request URL: /5star/service/result
Referer URL: http://localhost/5star/
Stack Trace:
#0 /var/www/html/5star/vendor/cakephp/cakephp/src/Http/ControllerFactory.php(72): Cake\Http\ControllerFactory->missingController(Object(Cake\Network\Request))
#1 /var/www/html/5star/vendor/cakephp/cakephp/src/Routing/Filter/ControllerFactoryFilter.php(63): Cake\Http\ControllerFactory->create(Object(Cake\Network\Request), Object(Cake\Network\Response))
#2 /var/www/html/5star/vendor/cakephp/cakephp/src/Routing/Filter/ControllerFactoryFilter.php(49): Cake\Routing\Filter\ControllerFactoryFilter->_getController(Object(Cake\Network\Request), Object(Cake\Network\Response))
#3 /var/www/html/5star/vendor/cakephp/cakephp/src/Routing/DispatcherFilter.php(144): Cake\Routing\Filter\ControllerFactoryFilter->beforeDispatch(Object(Cake\Event\Event))
#4 /var/www/html/5star/vendor/cakephp/cakephp/src/Event/EventManager.php(426): Cake\Routing\DispatcherFilter->handle(Object(Cake\Event\Event), Object(Cake\Network\Request), Object(Cake\Network\Response))
#5 /var/www/html/5star/vendor/cakephp/cakephp/src/Event/EventManager.php(391): Cake\Event\EventManager->_callListener(Array, Object(Cake\Event\Event))
#6 /var/www/html/5star/vendor/cakephp/cakephp/src/Event/EventDispatcherTrait.php(78): Cake\Event\EventManager->dispatch(Object(Cake\Event\Event))
#7 /var/www/html/5star/vendor/cakephp/cakephp/src/Http/ActionDispatcher.php(81): Cake\Http\ActionDispatcher->dispatchEvent('Dispatcher.befo...', Array)
#8 /var/www/html/5star/vendor/cakephp/cakephp/src/Routing/Dispatcher.php(60): Cake\Http\ActionDispatcher->dispatch(Object(Cake\Network\Request), Object(Cake\Network\Response))
#9 /var/www/html/5star/webroot/index.php(36): Cake\Routing\Dispatcher->dispatch(Object(Cake\Network\Request), Object(Cake\Network\Response))
#10 {main}


2018-03-02 12:20:14 Warning: DebugKit not enabled. You need to either install pdo_sqlite, or define the "debug_kit" connection name.
2018-03-02 12:20:14 Warning: Warning (2): Cannot modify header information - headers already sent by (output started at /var/www/html/5star/vendor/cakephp/cakephp/src/Error/Debugger.php:753) in [/var/www/html/5star/src/Controller/AppController.php, line 144]
Request URL: /5star/services/result
Trace:
Cake\Error\BaseErrorHandler::handleError() - CORE/src/Error/BaseErrorHandler.php, line 146
header - [internal], line ??
App\Controller\AppController::beforeRender() - APP/Controller/AppController.php, line 144
Cake\Event\EventManager::_callListener() - CORE/src/Event/EventManager.php, line 422
Cake\Event\EventManager::dispatch() - CORE/src/Event/EventManager.php, line 391
Cake\Controller\Controller::dispatchEvent() - CORE/src/Event/EventDispatcherTrait.php, line 78
Cake\Controller\Controller::render() - CORE/src/Controller/Controller.php, line 602
Cake\Http\ActionDispatcher::_invoke() - CORE/src/Http/ActionDispatcher.php, line 128
Cake\Http\ActionDispatcher::dispatch() - CORE/src/Http/ActionDispatcher.php, line 96
Cake\Routing\Dispatcher::dispatch() - CORE/src/Routing/Dispatcher.php, line 60
[main] - ROOT/webroot/index.php, line 36



2018-03-02 12:20:14 Warning: Headers already sent in /var/www/html/5star/vendor/cakephp/cakephp/src/Error/Debugger.php:753
2018-03-02 12:20:14 Warning: DebugKit not enabled. You need to either install pdo_sqlite, or define the "debug_kit" connection name.
2018-03-02 12:20:14 Error: [Cake\Controller\Exception\MissingActionException] Action ServicesController::images() could not be found, or is not accessible.
Exception Attributes: array (
  'controller' => 'ServicesController',
  'action' => 'images',
  'prefix' => '',
  'plugin' => NULL,
)
Request URL: /5star/services/images/venue-1.jpg
Referer URL: http://localhost/5star/services/result
Stack Trace:
#0 /var/www/html/5star/vendor/cakephp/cakephp/src/Http/ActionDispatcher.php(122): Cake\Controller\Controller->invokeAction()
#1 /var/www/html/5star/vendor/cakephp/cakephp/src/Http/ActionDispatcher.php(96): Cake\Http\ActionDispatcher->_invoke(Object(App\Controller\ServicesController))
#2 /var/www/html/5star/vendor/cakephp/cakephp/src/Routing/Dispatcher.php(60): Cake\Http\ActionDispatcher->dispatch(Object(Cake\Network\Request), Object(Cake\Network\Response))
#3 /var/www/html/5star/webroot/index.php(36): Cake\Routing\Dispatcher->dispatch(Object(Cake\Network\Request), Object(Cake\Network\Response))
#4 {main}


2018-03-02 12:20:14 Warning: DebugKit not enabled. You need to either install pdo_sqlite, or define the "debug_kit" connection name.
2018-03-02 12:20:14 Error: [Cake\Controller\Exception\MissingActionException] Action ServicesController::images() could not be found, or is not accessible.
Exception Attributes: array (
  'controller' => 'ServicesController',
  'action' => 'images',
  'prefix' => '',
  'plugin' => NULL,
)
Request URL: /5star/services/images/venue-2.jpg
Referer URL: http://localhost/5star/services/result
Stack Trace:
#0 /var/www/html/5star/vendor/cakephp/cakephp/src/Http/ActionDispatcher.php(122): Cake\Controller\Controller->invokeAction()
#1 /var/www/html/5star/vendor/cakephp/cakephp/src/Http/ActionDispatcher.php(96): Cake\Http\ActionDispatcher->_invoke(Object(App\Controller\ServicesController))
#2 /var/www/html/5star/vendor/cakephp/cakephp/src/Routing/Dispatcher.php(60): Cake\Http\ActionDispatcher->dispatch(Object(Cake\Network\Request), Object(Cake\Network\Response))
#3 /var/www/html/5star/webroot/index.php(36): Cake\Routing\Dispatcher->dispatch(Object(Cake\Network\Request), Object(Cake\Network\Response))
#4 {main}


2018-03-02 12:20:14 Warning: DebugKit not enabled. You need to either install pdo_sqlite, or define the "debug_kit" connection name.
2018-03-02 12:20:14 Warning: DebugKit not enabled. You need to either install pdo_sqlite, or define the "debug_kit" connection name.
2018-03-02 12:20:14 Error: [Cake\Controller\Exception\MissingActionException] Action ServicesController::images() could not be found, or is not accessible.
Exception Attributes: array (
  'controller' => 'ServicesController',
  'action' => 'images',
  'prefix' => '',
  'plugin' => NULL,
)
Request URL: /5star/services/images/venue-3.jpg
Referer URL: http://localhost/5star/services/result
Stack Trace:
#0 /var/www/html/5star/vendor/cakephp/cakephp/src/Http/ActionDispatcher.php(122): Cake\Controller\Controller->invokeAction()
#1 /var/www/html/5star/vendor/cakephp/cakephp/src/Http/ActionDispatcher.php(96): Cake\Http\ActionDispatcher->_invoke(Object(App\Controller\ServicesController))
#2 /var/www/html/5star/vendor/cakephp/cakephp/src/Routing/Dispatcher.php(60): Cake\Http\ActionDispatcher->dispatch(Object(Cake\Network\Request), Object(Cake\Network\Response))
#3 /var/www/html/5star/webroot/index.php(36): Cake\Routing\Dispatcher->dispatch(Object(Cake\Network\Request), Object(Cake\Network\Response))
#4 {main}


2018-03-02 12:20:14 Error: [Cake\Controller\Exception\MissingActionException] Action ServicesController::images() could not be found, or is not accessible.
Exception Attributes: array (
  'controller' => 'ServicesController',
  'action' => 'images',
  'prefix' => '',
  'plugin' => NULL,
)
Request URL: /5star/services/images/venue-4.jpg
Referer URL: http://localhost/5star/services/result
Stack Trace:
#0 /var/www/html/5star/vendor/cakephp/cakephp/src/Http/ActionDispatcher.php(122): Cake\Controller\Controller->invokeAction()
#1 /var/www/html/5star/vendor/cakephp/cakephp/src/Http/ActionDispatcher.php(96): Cake\Http\ActionDispatcher->_invoke(Object(App\Controller\ServicesController))
#2 /var/www/html/5star/vendor/cakephp/cakephp/src/Routing/Dispatcher.php(60): Cake\Http\ActionDispatcher->dispatch(Object(Cake\Network\Request), Object(Cake\Network\Response))
#3 /var/www/html/5star/webroot/index.php(36): Cake\Routing\Dispatcher->dispatch(Object(Cake\Network\Request), Object(Cake\Network\Response))
#4 {main}


2018-03-02 12:20:14 Warning: DebugKit not enabled. You need to either install pdo_sqlite, or define the "debug_kit" connection name.
2018-03-02 12:20:14 Warning: DebugKit not enabled. You need to either install pdo_sqlite, or define the "debug_kit" connection name.
2018-03-02 12:20:14 Error: [Cake\Controller\Exception\MissingActionException] Action ServicesController::images() could not be found, or is not accessible.
Exception Attributes: array (
  'controller' => 'ServicesController',
  'action' => 'images',
  'prefix' => '',
  'plugin' => NULL,
)
Request URL: /5star/services/images/venue-6.jpg
Referer URL: http://localhost/5star/services/result
Stack Trace:
#0 /var/www/html/5star/vendor/cakephp/cakephp/src/Http/ActionDispatcher.php(122): Cake\Controller\Controller->invokeAction()
#1 /var/www/html/5star/vendor/cakephp/cakephp/src/Http/ActionDispatcher.php(96): Cake\Http\ActionDispatcher->_invoke(Object(App\Controller\ServicesController))
#2 /var/www/html/5star/vendor/cakephp/cakephp/src/Routing/Dispatcher.php(60): Cake\Http\ActionDispatcher->dispatch(Object(Cake\Network\Request), Object(Cake\Network\Response))
#3 /var/www/html/5star/webroot/index.php(36): Cake\Routing\Dispatcher->dispatch(Object(Cake\Network\Request), Object(Cake\Network\Response))
#4 {main}


2018-03-02 12:20:14 Error: [Cake\Controller\Exception\MissingActionException] Action ServicesController::images() could not be found, or is not accessible.
Exception Attributes: array (
  'controller' => 'ServicesController',
  'action' => 'images',
  'prefix' => '',
  'plugin' => NULL,
)
Request URL: /5star/services/images/venue-5.jpg
Referer URL: http://localhost/5star/services/result
Stack Trace:
#0 /var/www/html/5star/vendor/cakephp/cakephp/src/Http/ActionDispatcher.php(122): Cake\Controller\Controller->invokeAction()
#1 /var/www/html/5star/vendor/cakephp/cakephp/src/Http/ActionDispatcher.php(96): Cake\Http\ActionDispatcher->_invoke(Object(App\Controller\ServicesController))
#2 /var/www/html/5star/vendor/cakephp/cakephp/src/Routing/Dispatcher.php(60): Cake\Http\ActionDispatcher->dispatch(Object(Cake\Network\Request), Object(Cake\Network\Response))
#3 /var/www/html/5star/webroot/index.php(36): Cake\Routing\Dispatcher->dispatch(Object(Cake\Network\Request), Object(Cake\Network\Response))
#4 {main}


2018-03-02 12:20:14 Warning: DebugKit not enabled. You need to either install pdo_sqlite, or define the "debug_kit" connection name.
2018-03-02 12:20:14 Error: [Cake\Controller\Exception\MissingActionException] Action ServicesController::images() could not be found, or is not accessible.
Exception Attributes: array (
  'controller' => 'ServicesController',
  'action' => 'images',
  'prefix' => '',
  'plugin' => NULL,
)
Request URL: /5star/services/images/venue-7.jpg
Referer URL: http://localhost/5star/services/result
Stack Trace:
#0 /var/www/html/5star/vendor/cakephp/cakephp/src/Http/ActionDispatcher.php(122): Cake\Controller\Controller->invokeAction()
#1 /var/www/html/5star/vendor/cakephp/cakephp/src/Http/ActionDispatcher.php(96): Cake\Http\ActionDispatcher->_invoke(Object(App\Controller\ServicesController))
#2 /var/www/html/5star/vendor/cakephp/cakephp/src/Routing/Dispatcher.php(60): Cake\Http\ActionDispatcher->dispatch(Object(Cake\Network\Request), Object(Cake\Network\Response))
#3 /var/www/html/5star/webroot/index.php(36): Cake\Routing\Dispatcher->dispatch(Object(Cake\Network\Request), Object(Cake\Network\Response))
#4 {main}


2018-03-02 12:20:14 Warning: DebugKit not enabled. You need to either install pdo_sqlite, or define the "debug_kit" connection name.
2018-03-02 12:20:14 Error: [Cake\Controller\Exception\MissingActionException] Action ServicesController::images() could not be found, or is not accessible.
Exception Attributes: array (
  'controller' => 'ServicesController',
  'action' => 'images',
  'prefix' => '',
  'plugin' => NULL,
)
Request URL: /5star/services/images/venue-8.jpg
Referer URL: http://localhost/5star/services/result
Stack Trace:
#0 /var/www/html/5star/vendor/cakephp/cakephp/src/Http/ActionDispatcher.php(122): Cake\Controller\Controller->invokeAction()
#1 /var/www/html/5star/vendor/cakephp/cakephp/src/Http/ActionDispatcher.php(96): Cake\Http\ActionDispatcher->_invoke(Object(App\Controller\ServicesController))
#2 /var/www/html/5star/vendor/cakephp/cakephp/src/Routing/Dispatcher.php(60): Cake\Http\ActionDispatcher->dispatch(Object(Cake\Network\Request), Object(Cake\Network\Response))
#3 /var/www/html/5star/webroot/index.php(36): Cake\Routing\Dispatcher->dispatch(Object(Cake\Network\Request), Object(Cake\Network\Response))
#4 {main}


2018-03-02 12:20:14 Warning: DebugKit not enabled. You need to either install pdo_sqlite, or define the "debug_kit" connection name.
2018-03-02 12:20:14 Error: [Cake\Controller\Exception\MissingActionException] Action ServicesController::images() could not be found, or is not accessible.
Exception Attributes: array (
  'controller' => 'ServicesController',
  'action' => 'images',
  'prefix' => '',
  'plugin' => NULL,
)
Request URL: /5star/services/images/venue-2.jpg
Referer URL: http://localhost/5star/services/result
Stack Trace:
#0 /var/www/html/5star/vendor/cakephp/cakephp/src/Http/ActionDispatcher.php(122): Cake\Controller\Controller->invokeAction()
#1 /var/www/html/5star/vendor/cakephp/cakephp/src/Http/ActionDispatcher.php(96): Cake\Http\ActionDispatcher->_invoke(Object(App\Controller\ServicesController))
#2 /var/www/html/5star/vendor/cakephp/cakephp/src/Routing/Dispatcher.php(60): Cake\Http\ActionDispatcher->dispatch(Object(Cake\Network\Request), Object(Cake\Network\Response))
#3 /var/www/html/5star/webroot/index.php(36): Cake\Routing\Dispatcher->dispatch(Object(Cake\Network\Request), Object(Cake\Network\Response))
#4 {main}


2018-03-02 12:20:14 Warning: DebugKit not enabled. You need to either install pdo_sqlite, or define the "debug_kit" connection name.
2018-03-02 12:20:14 Warning: DebugKit not enabled. You need to either install pdo_sqlite, or define the "debug_kit" connection name.
2018-03-02 12:20:14 Error: [Cake\Controller\Exception\MissingActionException] Action ServicesController::images() could not be found, or is not accessible.
Exception Attributes: array (
  'controller' => 'ServicesController',
  'action' => 'images',
  'prefix' => '',
  'plugin' => NULL,
)
Request URL: /5star/services/images/venue-3.jpg
Referer URL: http://localhost/5star/services/result
Stack Trace:
#0 /var/www/html/5star/vendor/cakephp/cakephp/src/Http/ActionDispatcher.php(122): Cake\Controller\Controller->invokeAction()
#1 /var/www/html/5star/vendor/cakephp/cakephp/src/Http/ActionDispatcher.php(96): Cake\Http\ActionDispatcher->_invoke(Object(App\Controller\ServicesController))
#2 /var/www/html/5star/vendor/cakephp/cakephp/src/Routing/Dispatcher.php(60): Cake\Http\ActionDispatcher->dispatch(Object(Cake\Network\Request), Object(Cake\Network\Response))
#3 /var/www/html/5star/webroot/index.php(36): Cake\Routing\Dispatcher->dispatch(Object(Cake\Network\Request), Object(Cake\Network\Response))
#4 {main}


2018-03-02 12:20:14 Error: [Cake\Controller\Exception\MissingActionException] Action ServicesController::images() could not be found, or is not accessible.
Exception Attributes: array (
  'controller' => 'ServicesController',
  'action' => 'images',
  'prefix' => '',
  'plugin' => NULL,
)
Request URL: /5star/services/images/venue-4.jpg
Referer URL: http://localhost/5star/services/result
Stack Trace:
#0 /var/www/html/5star/vendor/cakephp/cakephp/src/Http/ActionDispatcher.php(122): Cake\Controller\Controller->invokeAction()
#1 /var/www/html/5star/vendor/cakephp/cakephp/src/Http/ActionDispatcher.php(96): Cake\Http\ActionDispatcher->_invoke(Object(App\Controller\ServicesController))
#2 /var/www/html/5star/vendor/cakephp/cakephp/src/Routing/Dispatcher.php(60): Cake\Http\ActionDispatcher->dispatch(Object(Cake\Network\Request), Object(Cake\Network\Response))
#3 /var/www/html/5star/webroot/index.php(36): Cake\Routing\Dispatcher->dispatch(Object(Cake\Network\Request), Object(Cake\Network\Response))
#4 {main}


2018-03-02 12:20:14 Warning: DebugKit not enabled. You need to either install pdo_sqlite, or define the "debug_kit" connection name.
2018-03-02 12:20:14 Error: [Cake\Controller\Exception\MissingActionException] Action ServicesController::images() could not be found, or is not accessible.
Exception Attributes: array (
  'controller' => 'ServicesController',
  'action' => 'images',
  'prefix' => '',
  'plugin' => NULL,
)
Request URL: /5star/services/images/venue-5.jpg
Referer URL: http://localhost/5star/services/result
Stack Trace:
#0 /var/www/html/5star/vendor/cakephp/cakephp/src/Http/ActionDispatcher.php(122): Cake\Controller\Controller->invokeAction()
#1 /var/www/html/5star/vendor/cakephp/cakephp/src/Http/ActionDispatcher.php(96): Cake\Http\ActionDispatcher->_invoke(Object(App\Controller\ServicesController))
#2 /var/www/html/5star/vendor/cakephp/cakephp/src/Routing/Dispatcher.php(60): Cake\Http\ActionDispatcher->dispatch(Object(Cake\Network\Request), Object(Cake\Network\Response))
#3 /var/www/html/5star/webroot/index.php(36): Cake\Routing\Dispatcher->dispatch(Object(Cake\Network\Request), Object(Cake\Network\Response))
#4 {main}


2018-03-02 12:20:14 Warning: DebugKit not enabled. You need to either install pdo_sqlite, or define the "debug_kit" connection name.
2018-03-02 12:20:14 Error: [Cake\Controller\Exception\MissingActionException] Action ServicesController::images() could not be found, or is not accessible.
Exception Attributes: array (
  'controller' => 'ServicesController',
  'action' => 'images',
  'prefix' => '',
  'plugin' => NULL,
)
Request URL: /5star/services/images/venue-6.jpg
Referer URL: http://localhost/5star/services/result
Stack Trace:
#0 /var/www/html/5star/vendor/cakephp/cakephp/src/Http/ActionDispatcher.php(122): Cake\Controller\Controller->invokeAction()
#1 /var/www/html/5star/vendor/cakephp/cakephp/src/Http/ActionDispatcher.php(96): Cake\Http\ActionDispatcher->_invoke(Object(App\Controller\ServicesController))
#2 /var/www/html/5star/vendor/cakephp/cakephp/src/Routing/Dispatcher.php(60): Cake\Http\ActionDispatcher->dispatch(Object(Cake\Network\Request), Object(Cake\Network\Response))
#3 /var/www/html/5star/webroot/index.php(36): Cake\Routing\Dispatcher->dispatch(Object(Cake\Network\Request), Object(Cake\Network\Response))
#4 {main}


2018-03-02 12:20:14 Warning: DebugKit not enabled. You need to either install pdo_sqlite, or define the "debug_kit" connection name.
2018-03-02 12:20:14 Error: [Cake\Controller\Exception\MissingActionException] Action ServicesController::images() could not be found, or is not accessible.
Exception Attributes: array (
  'controller' => 'ServicesController',
  'action' => 'images',
  'prefix' => '',
  'plugin' => NULL,
)
Request URL: /5star/services/images/venue-1.jpg
Referer URL: http://localhost/5star/services/result
Stack Trace:
#0 /var/www/html/5star/vendor/cakephp/cakephp/src/Http/ActionDispatcher.php(122): Cake\Controller\Controller->invokeAction()
#1 /var/www/html/5star/vendor/cakephp/cakephp/src/Http/ActionDispatcher.php(96): Cake\Http\ActionDispatcher->_invoke(Object(App\Controller\ServicesController))
#2 /var/www/html/5star/vendor/cakephp/cakephp/src/Routing/Dispatcher.php(60): Cake\Http\ActionDispatcher->dispatch(Object(Cake\Network\Request), Object(Cake\Network\Response))
#3 /var/www/html/5star/webroot/index.php(36): Cake\Routing\Dispatcher->dispatch(Object(Cake\Network\Request), Object(Cake\Network\Response))
#4 {main}


2018-03-02 12:20:33 Warning: DebugKit not enabled. You need to either install pdo_sqlite, or define the "debug_kit" connection name.
2018-03-02 12:20:34 Warning: DebugKit not enabled. You need to either install pdo_sqlite, or define the "debug_kit" connection name.
2018-03-02 12:20:34 Warning: DebugKit not enabled. You need to either install pdo_sqlite, or define the "debug_kit" connection name.
2018-03-02 12:20:34 Error: [Cake\Controller\Exception\MissingActionException] Action ServicesController::images() could not be found, or is not accessible.
Exception Attributes: array (
  'controller' => 'ServicesController',
  'action' => 'images',
  'prefix' => '',
  'plugin' => NULL,
)
Request URL: /5star/services/images/venue-1.jpg
Referer URL: http://localhost/5star/services/result
Stack Trace:
#0 /var/www/html/5star/vendor/cakephp/cakephp/src/Http/ActionDispatcher.php(122): Cake\Controller\Controller->invokeAction()
#1 /var/www/html/5star/vendor/cakephp/cakephp/src/Http/ActionDispatcher.php(96): Cake\Http\ActionDispatcher->_invoke(Object(App\Controller\ServicesController))
#2 /var/www/html/5star/vendor/cakephp/cakephp/src/Routing/Dispatcher.php(60): Cake\Http\ActionDispatcher->dispatch(Object(Cake\Network\Request), Object(Cake\Network\Response))
#3 /var/www/html/5star/webroot/index.php(36): Cake\Routing\Dispatcher->dispatch(Object(Cake\Network\Request), Object(Cake\Network\Response))
#4 {main}


2018-03-02 12:20:34 Warning: DebugKit not enabled. You need to either install pdo_sqlite, or define the "debug_kit" connection name.
2018-03-02 12:20:34 Error: [Cake\Controller\Exception\MissingActionException] Action ServicesController::images() could not be found, or is not accessible.
Exception Attributes: array (
  'controller' => 'ServicesController',
  'action' => 'images',
  'prefix' => '',
  'plugin' => NULL,
)
Request URL: /5star/services/images/venue-2.jpg
Referer URL: http://localhost/5star/services/result
Stack Trace:
#0 /var/www/html/5star/vendor/cakephp/cakephp/src/Http/ActionDispatcher.php(122): Cake\Controller\Controller->invokeAction()
#1 /var/www/html/5star/vendor/cakephp/cakephp/src/Http/ActionDispatcher.php(96): Cake\Http\ActionDispatcher->_invoke(Object(App\Controller\ServicesController))
#2 /var/www/html/5star/vendor/cakephp/cakephp/src/Routing/Dispatcher.php(60): Cake\Http\ActionDispatcher->dispatch(Object(Cake\Network\Request), Object(Cake\Network\Response))
#3 /var/www/html/5star/webroot/index.php(36): Cake\Routing\Dispatcher->dispatch(Object(Cake\Network\Request), Object(Cake\Network\Response))
#4 {main}


2018-03-02 12:20:34 Warning: DebugKit not enabled. You need to either install pdo_sqlite, or define the "debug_kit" connection name.
2018-03-02 12:20:34 Error: [Cake\Controller\Exception\MissingActionException] Action ServicesController::images() could not be found, or is not accessible.
Exception Attributes: array (
  'controller' => 'ServicesController',
  'action' => 'images',
  'prefix' => '',
  'plugin' => NULL,
)
Request URL: /5star/services/images/venue-3.jpg
Referer URL: http://localhost/5star/services/result
Stack Trace:
#0 /var/www/html/5star/vendor/cakephp/cakephp/src/Http/ActionDispatcher.php(122): Cake\Controller\Controller->invokeAction()
#1 /var/www/html/5star/vendor/cakephp/cakephp/src/Http/ActionDispatcher.php(96): Cake\Http\ActionDispatcher->_invoke(Object(App\Controller\ServicesController))
#2 /var/www/html/5star/vendor/cakephp/cakephp/src/Routing/Dispatcher.php(60): Cake\Http\ActionDispatcher->dispatch(Object(Cake\Network\Request), Object(Cake\Network\Response))
#3 /var/www/html/5star/webroot/index.php(36): Cake\Routing\Dispatcher->dispatch(Object(Cake\Network\Request), Object(Cake\Network\Response))
#4 {main}


2018-03-02 12:20:34 Warning: DebugKit not enabled. You need to either install pdo_sqlite, or define the "debug_kit" connection name.
2018-03-02 12:20:34 Error: [Cake\Controller\Exception\MissingActionException] Action ServicesController::images() could not be found, or is not accessible.
Exception Attributes: array (
  'controller' => 'ServicesController',
  'action' => 'images',
  'prefix' => '',
  'plugin' => NULL,
)
Request URL: /5star/services/images/venue-4.jpg
Referer URL: http://localhost/5star/services/result
Stack Trace:
#0 /var/www/html/5star/vendor/cakephp/cakephp/src/Http/ActionDispatcher.php(122): Cake\Controller\Controller->invokeAction()
#1 /var/www/html/5star/vendor/cakephp/cakephp/src/Http/ActionDispatcher.php(96): Cake\Http\ActionDispatcher->_invoke(Object(App\Controller\ServicesController))
#2 /var/www/html/5star/vendor/cakephp/cakephp/src/Routing/Dispatcher.php(60): Cake\Http\ActionDispatcher->dispatch(Object(Cake\Network\Request), Object(Cake\Network\Response))
#3 /var/www/html/5star/webroot/index.php(36): Cake\Routing\Dispatcher->dispatch(Object(Cake\Network\Request), Object(Cake\Network\Response))
#4 {main}


2018-03-02 12:20:34 Warning: DebugKit not enabled. You need to either install pdo_sqlite, or define the "debug_kit" connection name.
2018-03-02 12:20:34 Warning: DebugKit not enabled. You need to either install pdo_sqlite, or define the "debug_kit" connection name.
2018-03-02 12:20:34 Warning: DebugKit not enabled. You need to either install pdo_sqlite, or define the "debug_kit" connection name.
2018-03-02 12:20:34 Error: [Cake\Controller\Exception\MissingActionException] Action ServicesController::images() could not be found, or is not accessible.
Exception Attributes: array (
  'controller' => 'ServicesController',
  'action' => 'images',
  'prefix' => '',
  'plugin' => NULL,
)
Request URL: /5star/services/images/venue-8.jpg
Referer URL: http://localhost/5star/services/result
Stack Trace:
#0 /var/www/html/5star/vendor/cakephp/cakephp/src/Http/ActionDispatcher.php(122): Cake\Controller\Controller->invokeAction()
#1 /var/www/html/5star/vendor/cakephp/cakephp/src/Http/ActionDispatcher.php(96): Cake\Http\ActionDispatcher->_invoke(Object(App\Controller\ServicesController))
#2 /var/www/html/5star/vendor/cakephp/cakephp/src/Routing/Dispatcher.php(60): Cake\Http\ActionDispatcher->dispatch(Object(Cake\Network\Request), Object(Cake\Network\Response))
#3 /var/www/html/5star/webroot/index.php(36): Cake\Routing\Dispatcher->dispatch(Object(Cake\Network\Request), Object(Cake\Network\Response))
#4 {main}


2018-03-02 12:20:34 Error: [Cake\Controller\Exception\MissingActionException] Action ServicesController::images() could not be found, or is not accessible.
Exception Attributes: array (
  'controller' => 'ServicesController',
  'action' => 'images',
  'prefix' => '',
  'plugin' => NULL,
)
Request URL: /5star/services/images/venue-6.jpg
Referer URL: http://localhost/5star/services/result
Stack Trace:
#0 /var/www/html/5star/vendor/cakephp/cakephp/src/Http/ActionDispatcher.php(122): Cake\Controller\Controller->invokeAction()
#1 /var/www/html/5star/vendor/cakephp/cakephp/src/Http/ActionDispatcher.php(96): Cake\Http\ActionDispatcher->_invoke(Object(App\Controller\ServicesController))
#2 /var/www/html/5star/vendor/cakephp/cakephp/src/Routing/Dispatcher.php(60): Cake\Http\ActionDispatcher->dispatch(Object(Cake\Network\Request), Object(Cake\Network\Response))
#3 /var/www/html/5star/webroot/index.php(36): Cake\Routing\Dispatcher->dispatch(Object(Cake\Network\Request), Object(Cake\Network\Response))
#4 {main}


2018-03-02 12:20:34 Error: [Cake\Controller\Exception\MissingActionException] Action ServicesController::images() could not be found, or is not accessible.
Exception Attributes: array (
  'controller' => 'ServicesController',
  'action' => 'images',
  'prefix' => '',
  'plugin' => NULL,
)
Request URL: /5star/services/images/venue-7.jpg
Referer URL: http://localhost/5star/services/result
Stack Trace:
#0 /var/www/html/5star/vendor/cakephp/cakephp/src/Http/ActionDispatcher.php(122): Cake\Controller\Controller->invokeAction()
#1 /var/www/html/5star/vendor/cakephp/cakephp/src/Http/ActionDispatcher.php(96): Cake\Http\ActionDispatcher->_invoke(Object(App\Controller\ServicesController))
#2 /var/www/html/5star/vendor/cakephp/cakephp/src/Routing/Dispatcher.php(60): Cake\Http\ActionDispatcher->dispatch(Object(Cake\Network\Request), Object(Cake\Network\Response))
#3 /var/www/html/5star/webroot/index.php(36): Cake\Routing\Dispatcher->dispatch(Object(Cake\Network\Request), Object(Cake\Network\Response))
#4 {main}


2018-03-02 12:20:34 Warning: DebugKit not enabled. You need to either install pdo_sqlite, or define the "debug_kit" connection name.
2018-03-02 12:20:34 Error: [Cake\Controller\Exception\MissingActionException] Action ServicesController::images() could not be found, or is not accessible.
Exception Attributes: array (
  'controller' => 'ServicesController',
  'action' => 'images',
  'prefix' => '',
  'plugin' => NULL,
)
Request URL: /5star/services/images/venue-5.jpg
Referer URL: http://localhost/5star/services/result
Stack Trace:
#0 /var/www/html/5star/vendor/cakephp/cakephp/src/Http/ActionDispatcher.php(122): Cake\Controller\Controller->invokeAction()
#1 /var/www/html/5star/vendor/cakephp/cakephp/src/Http/ActionDispatcher.php(96): Cake\Http\ActionDispatcher->_invoke(Object(App\Controller\ServicesController))
#2 /var/www/html/5star/vendor/cakephp/cakephp/src/Routing/Dispatcher.php(60): Cake\Http\ActionDispatcher->dispatch(Object(Cake\Network\Request), Object(Cake\Network\Response))
#3 /var/www/html/5star/webroot/index.php(36): Cake\Routing\Dispatcher->dispatch(Object(Cake\Network\Request), Object(Cake\Network\Response))
#4 {main}


2018-03-02 12:20:34 Warning: DebugKit not enabled. You need to either install pdo_sqlite, or define the "debug_kit" connection name.
2018-03-02 12:20:34 Error: [Cake\Controller\Exception\MissingActionException] Action ServicesController::images() could not be found, or is not accessible.
Exception Attributes: array (
  'controller' => 'ServicesController',
  'action' => 'images',
  'prefix' => '',
  'plugin' => NULL,
)
Request URL: /5star/services/images/venue-2.jpg
Referer URL: http://localhost/5star/services/result
Stack Trace:
#0 /var/www/html/5star/vendor/cakephp/cakephp/src/Http/ActionDispatcher.php(122): Cake\Controller\Controller->invokeAction()
#1 /var/www/html/5star/vendor/cakephp/cakephp/src/Http/ActionDispatcher.php(96): Cake\Http\ActionDispatcher->_invoke(Object(App\Controller\ServicesController))
#2 /var/www/html/5star/vendor/cakephp/cakephp/src/Routing/Dispatcher.php(60): Cake\Http\ActionDispatcher->dispatch(Object(Cake\Network\Request), Object(Cake\Network\Response))
#3 /var/www/html/5star/webroot/index.php(36): Cake\Routing\Dispatcher->dispatch(Object(Cake\Network\Request), Object(Cake\Network\Response))
#4 {main}


2018-03-02 12:20:34 Warning: DebugKit not enabled. You need to either install pdo_sqlite, or define the "debug_kit" connection name.
2018-03-02 12:20:34 Error: [Cake\Controller\Exception\MissingActionException] Action ServicesController::images() could not be found, or is not accessible.
Exception Attributes: array (
  'controller' => 'ServicesController',
  'action' => 'images',
  'prefix' => '',
  'plugin' => NULL,
)
Request URL: /5star/services/images/venue-1.jpg
Referer URL: http://localhost/5star/services/result
Stack Trace:
#0 /var/www/html/5star/vendor/cakephp/cakephp/src/Http/ActionDispatcher.php(122): Cake\Controller\Controller->invokeAction()
#1 /var/www/html/5star/vendor/cakephp/cakephp/src/Http/ActionDispatcher.php(96): Cake\Http\ActionDispatcher->_invoke(Object(App\Controller\ServicesController))
#2 /var/www/html/5star/vendor/cakephp/cakephp/src/Routing/Dispatcher.php(60): Cake\Http\ActionDispatcher->dispatch(Object(Cake\Network\Request), Object(Cake\Network\Response))
#3 /var/www/html/5star/webroot/index.php(36): Cake\Routing\Dispatcher->dispatch(Object(Cake\Network\Request), Object(Cake\Network\Response))
#4 {main}


2018-03-02 12:21:56 Warning: DebugKit not enabled. You need to either install pdo_sqlite, or define the "debug_kit" connection name.
2018-03-02 12:24:12 Warning: DebugKit not enabled. You need to either install pdo_sqlite, or define the "debug_kit" connection name.
2018-03-02 12:24:17 Warning: DebugKit not enabled. You need to either install pdo_sqlite, or define the "debug_kit" connection name.
2018-03-02 12:24:20 Warning: DebugKit not enabled. You need to either install pdo_sqlite, or define the "debug_kit" connection name.
2018-03-02 12:24:34 Warning: DebugKit not enabled. You need to either install pdo_sqlite, or define the "debug_kit" connection name.
2018-03-02 12:25:43 Warning: DebugKit not enabled. You need to either install pdo_sqlite, or define the "debug_kit" connection name.
2018-03-02 12:25:46 Warning: DebugKit not enabled. You need to either install pdo_sqlite, or define the "debug_kit" connection name.
2018-03-02 12:26:40 Warning: DebugKit not enabled. You need to either install pdo_sqlite, or define the "debug_kit" connection name.
2018-03-02 12:26:45 Warning: DebugKit not enabled. You need to either install pdo_sqlite, or define the "debug_kit" connection name.
2018-03-02 12:26:53 Warning: DebugKit not enabled. You need to either install pdo_sqlite, or define the "debug_kit" connection name.
2018-03-02 12:27:04 Warning: DebugKit not enabled. You need to either install pdo_sqlite, or define the "debug_kit" connection name.
2018-03-02 12:28:31 Warning: DebugKit not enabled. You need to either install pdo_sqlite, or define the "debug_kit" connection name.
2018-03-02 12:28:46 Warning: DebugKit not enabled. You need to either install pdo_sqlite, or define the "debug_kit" connection name.
2018-03-02 12:41:09 Warning: DebugKit not enabled. You need to either install pdo_sqlite, or define the "debug_kit" connection name.
2018-03-02 12:41:54 Warning: DebugKit not enabled. You need to either install pdo_sqlite, or define the "debug_kit" connection name.
2018-03-02 12:47:07 Warning: DebugKit not enabled. You need to either install pdo_sqlite, or define the "debug_kit" connection name.
2018-03-02 12:47:24 Warning: DebugKit not enabled. You need to either install pdo_sqlite, or define the "debug_kit" connection name.
2018-03-02 12:47:32 Warning: DebugKit not enabled. You need to either install pdo_sqlite, or define the "debug_kit" connection name.
2018-03-02 12:47:44 Warning: DebugKit not enabled. You need to either install pdo_sqlite, or define the "debug_kit" connection name.
2018-03-02 12:47:50 Warning: DebugKit not enabled. You need to either install pdo_sqlite, or define the "debug_kit" connection name.
2018-03-02 12:48:49 Warning: DebugKit not enabled. You need to either install pdo_sqlite, or define the "debug_kit" connection name.
2018-03-02 12:49:05 Warning: DebugKit not enabled. You need to either install pdo_sqlite, or define the "debug_kit" connection name.
2018-03-02 12:49:21 Warning: DebugKit not enabled. You need to either install pdo_sqlite, or define the "debug_kit" connection name.
2018-03-02 12:49:23 Warning: DebugKit not enabled. You need to either install pdo_sqlite, or define the "debug_kit" connection name.
2018-03-02 12:49:24 Warning: DebugKit not enabled. You need to either install pdo_sqlite, or define the "debug_kit" connection name.
2018-03-02 12:49:26 Warning: DebugKit not enabled. You need to either install pdo_sqlite, or define the "debug_kit" connection name.
2018-03-02 12:49:47 Warning: DebugKit not enabled. You need to either install pdo_sqlite, or define the "debug_kit" connection name.
2018-03-02 12:49:57 Warning: DebugKit not enabled. You need to either install pdo_sqlite, or define the "debug_kit" connection name.
2018-03-02 12:50:08 Warning: DebugKit not enabled. You need to either install pdo_sqlite, or define the "debug_kit" connection name.
2018-03-02 12:50:21 Warning: DebugKit not enabled. You need to either install pdo_sqlite, or define the "debug_kit" connection name.
2018-03-02 12:50:21 Warning: DebugKit not enabled. You need to either install pdo_sqlite, or define the "debug_kit" connection name.
2018-03-02 12:50:30 Warning: DebugKit not enabled. You need to either install pdo_sqlite, or define the "debug_kit" connection name.
2018-03-02 12:51:33 Warning: DebugKit not enabled. You need to either install pdo_sqlite, or define the "debug_kit" connection name.
2018-03-02 12:58:21 Warning: DebugKit not enabled. You need to either install pdo_sqlite, or define the "debug_kit" connection name.
2018-03-02 13:09:17 Warning: DebugKit not enabled. You need to either install pdo_sqlite, or define the "debug_kit" connection name.
2018-03-02 13:09:17 Error: [PDOException] SQLSTATE[42S22]: Column not found: 1054 Unknown column 'stap' in 'where clause'
Request URL: /5star/services/result
Referer URL: http://localhost/5star/services/result
Stack Trace:
#0 /var/www/html/5star/vendor/cakephp/cakephp/src/Database/Statement/MysqlStatement.php(36): PDOStatement->execute(NULL)
#1 /var/www/html/5star/vendor/cakephp/cakephp/src/Database/Connection.php(276): Cake\Database\Statement\MysqlStatement->execute()
#2 /var/www/html/5star/vendor/cakephp/cakephp/src/Database/Query.php(189): Cake\Database\Connection->run(Object(Cake\ORM\Query))
#3 /var/www/html/5star/vendor/cakephp/cakephp/src/ORM/Query.php(954): Cake\Database\Query->execute()
#4 /var/www/html/5star/vendor/cakephp/cakephp/src/Datasource/QueryTrait.php(276): Cake\ORM\Query->_execute()
#5 /var/www/html/5star/vendor/cakephp/cakephp/src/ORM/Query.php(902): Cake\ORM\Query->_all()
#6 /var/www/html/5star/vendor/cakephp/cakephp/src/Controller/Component/PaginatorComponent.php(188): Cake\ORM\Query->all()
#7 /var/www/html/5star/vendor/cakephp/cakephp/src/Controller/Controller.php(713): Cake\Controller\Component\PaginatorComponent->paginate(Object(App\Model\Table\ServicesTable), Array)
#8 /var/www/html/5star/src/Controller/ServicesController.php(392): Cake\Controller\Controller->paginate(Object(App\Model\Table\ServicesTable))
#9 [internal function]: App\Controller\ServicesController->result()
#10 /var/www/html/5star/vendor/cakephp/cakephp/src/Controller/Controller.php(435): call_user_func_array(Array, Array)
#11 /var/www/html/5star/vendor/cakephp/cakephp/src/Http/ActionDispatcher.php(122): Cake\Controller\Controller->invokeAction()
#12 /var/www/html/5star/vendor/cakephp/cakephp/src/Http/ActionDispatcher.php(96): Cake\Http\ActionDispatcher->_invoke(Object(App\Controller\ServicesController))
#13 /var/www/html/5star/vendor/cakephp/cakephp/src/Routing/Dispatcher.php(60): Cake\Http\ActionDispatcher->dispatch(Object(Cake\Network\Request), Object(Cake\Network\Response))
#14 /var/www/html/5star/webroot/index.php(36): Cake\Routing\Dispatcher->dispatch(Object(Cake\Network\Request), Object(Cake\Network\Response))
#15 {main}


2018-03-02 13:09:36 Warning: DebugKit not enabled. You need to either install pdo_sqlite, or define the "debug_kit" connection name.
2018-03-02 13:11:51 Warning: DebugKit not enabled. You need to either install pdo_sqlite, or define the "debug_kit" connection name.
2018-03-02 13:12:30 Warning: DebugKit not enabled. You need to either install pdo_sqlite, or define the "debug_kit" connection name.
2018-03-02 13:14:01 Warning: DebugKit not enabled. You need to either install pdo_sqlite, or define the "debug_kit" connection name.
2018-03-02 13:15:17 Warning: DebugKit not enabled. You need to either install pdo_sqlite, or define the "debug_kit" connection name.
2018-03-02 13:15:32 Warning: DebugKit not enabled. You need to either install pdo_sqlite, or define the "debug_kit" connection name.
2018-03-02 13:15:34 Warning: DebugKit not enabled. You need to either install pdo_sqlite, or define the "debug_kit" connection name.
2018-03-02 13:16:00 Warning: DebugKit not enabled. You need to either install pdo_sqlite, or define the "debug_kit" connection name.
2018-03-02 13:16:47 Warning: DebugKit not enabled. You need to either install pdo_sqlite, or define the "debug_kit" connection name.
2018-03-02 13:16:49 Warning: DebugKit not enabled. You need to either install pdo_sqlite, or define the "debug_kit" connection name.
2018-03-02 13:17:31 Warning: DebugKit not enabled. You need to either install pdo_sqlite, or define the "debug_kit" connection name.
2018-03-02 13:18:44 Warning: DebugKit not enabled. You need to either install pdo_sqlite, or define the "debug_kit" connection name.
2018-03-02 13:19:50 Warning: DebugKit not enabled. You need to either install pdo_sqlite, or define the "debug_kit" connection name.
2018-03-02 13:24:42 Warning: DebugKit not enabled. You need to either install pdo_sqlite, or define the "debug_kit" connection name.
